  main.cpp
C:\Users\26692\source\repos\RayTracingInOneWeekend\RayTracingInOneWeekend\main.cpp(39,1): warning C4305: 'argument': truncation from 'double' to 'float'
C:\Users\26692\source\repos\RayTracingInOneWeekend\RayTracingInOneWeekend\main.cpp(60,12): warning C4244: 'initializing': conversion from 'double' to 'float', possible loss of data
C:\Users\26692\source\repos\RayTracingInOneWeekend\RayTracingInOneWeekend\main.cpp(72,74): warning C4244: 'argument': conversion from '_Rep' to 'unsigned int', possible loss of data
          with
          [
              _Rep=__int64
          ]
C:\Users\26692\source\repos\RayTracingInOneWeekend\RayTracingInOneWeekend\main.cpp(107,1): warning C4305: '=': truncation from 'double' to 'float'
C:\Users\26692\source\repos\RayTracingInOneWeekend\RayTracingInOneWeekend\main.cpp(116,1): warning C4305: 'argument': truncation from 'double' to 'float'
C:\Program Files\Microsoft Visual Studio\2022\Community\VC\Tools\MSVC\14.33.31629\include\xutility(224,72): warning C4244: 'argument': conversion from '_Ty' to 'float', possible loss of data
          with
          [
              _Ty=double
          ]
C:\Program Files\Microsoft Visual Studio\2022\Community\VC\Tools\MSVC\14.33.31629\include\xutility(223): message : see reference to function template instantiation '_Ty *std::construct_at<_Ty,glm::vec<3,float,glm::packed_highp>,double,glm::vec3&,std::shared_ptr<Lambertian>,void>(_Ty *const ,glm::vec<3,float,glm::packed_highp> &&,double &&,glm::vec3 &,std::shared_ptr<Lambertian> &&) noexcept(<expr>)' being compiled
          with
          [
              _Ty=Sphere
          ]
C:\Program Files\Microsoft Visual Studio\2022\Community\VC\Tools\MSVC\14.33.31629\include\memory(2022): message : see reference to function template instantiation 'void std::_Construct_in_place<_Ty,glm::vec<3,float,glm::packed_highp>,double,glm::vec3&,std::shared_ptr<Lambertian>>(_Ty &,glm::vec<3,float,glm::packed_highp> &&,double &&,glm::vec3 &,std::shared_ptr<Lambertian> &&) noexcept(false)' being compiled
          with
          [
              _Ty=Sphere
          ]
C:\Program Files\Microsoft Visual Studio\2022\Community\VC\Tools\MSVC\14.33.31629\include\memory(2741): message : see reference to function template instantiation 'std::_Ref_count_obj2<Sphere>::_Ref_count_obj2<_Ty,double,glm::vec3&,std::shared_ptr<Lambertian>>(_Ty &&,double &&,glm::vec3 &,std::shared_ptr<Lambertian> &&)' being compiled
          with
          [
              _Ty=glm::vec3
          ]
C:\Program Files\Microsoft Visual Studio\2022\Community\VC\Tools\MSVC\14.33.31629\include\memory(2742): message : see reference to function template instantiation 'std::_Ref_count_obj2<Sphere>::_Ref_count_obj2<_Ty,double,glm::vec3&,std::shared_ptr<Lambertian>>(_Ty &&,double &&,glm::vec3 &,std::shared_ptr<Lambertian> &&)' being compiled
          with
          [
              _Ty=glm::vec3
          ]
C:\Users\26692\source\repos\RayTracingInOneWeekend\RayTracingInOneWeekend\main.cpp(51): message : see reference to function template instantiation 'std::shared_ptr<Sphere> std::make_shared<Sphere,glm::vec3,double,glm::vec3&,std::shared_ptr<Lambertian>>(glm::vec3 &&,double &&,glm::vec3 &,std::shared_ptr<Lambertian> &&)' being compiled
C:\Program Files\Microsoft Visual Studio\2022\Community\VC\Tools\MSVC\14.33.31629\include\xutility(238,77): warning C4244: 'argument': conversion from '_Ty' to 'float', possible loss of data
          with
          [
              _Ty=double
          ]
C:\Program Files\Microsoft Visual Studio\2022\Community\VC\Tools\MSVC\14.33.31629\include\xutility(224,72): warning C4244: 'argument': conversion from '_Ty' to 'float', possible loss of data
          with
          [
              _Ty=int
          ]
C:\Program Files\Microsoft Visual Studio\2022\Community\VC\Tools\MSVC\14.33.31629\include\xutility(223): message : see reference to function template instantiation '_Ty *std::construct_at<_Ty,glm::vec<3,float,glm::packed_highp>,int,glm::vec3&,std::shared_ptr<Lambertian>,void>(_Ty *const ,glm::vec<3,float,glm::packed_highp> &&,int &&,glm::vec3 &,std::shared_ptr<Lambertian> &&) noexcept(<expr>)' being compiled
          with
          [
              _Ty=Sphere
          ]
C:\Program Files\Microsoft Visual Studio\2022\Community\VC\Tools\MSVC\14.33.31629\include\memory(2022): message : see reference to function template instantiation 'void std::_Construct_in_place<_Ty,glm::vec<3,float,glm::packed_highp>,int,glm::vec3&,std::shared_ptr<Lambertian>>(_Ty &,glm::vec<3,float,glm::packed_highp> &&,int &&,glm::vec3 &,std::shared_ptr<Lambertian> &&) noexcept(false)' being compiled
          with
          [
              _Ty=Sphere
          ]
C:\Program Files\Microsoft Visual Studio\2022\Community\VC\Tools\MSVC\14.33.31629\include\memory(2741): message : see reference to function template instantiation 'std::_Ref_count_obj2<Sphere>::_Ref_count_obj2<_Ty,int,glm::vec3&,std::shared_ptr<Lambertian>>(_Ty &&,int &&,glm::vec3 &,std::shared_ptr<Lambertian> &&)' being compiled
          with
          [
              _Ty=glm::vec3
          ]
C:\Program Files\Microsoft Visual Studio\2022\Community\VC\Tools\MSVC\14.33.31629\include\memory(2742): message : see reference to function template instantiation 'std::_Ref_count_obj2<Sphere>::_Ref_count_obj2<_Ty,int,glm::vec3&,std::shared_ptr<Lambertian>>(_Ty &&,int &&,glm::vec3 &,std::shared_ptr<Lambertian> &&)' being compiled
          with
          [
              _Ty=glm::vec3
          ]
C:\Users\26692\source\repos\RayTracingInOneWeekend\RayTracingInOneWeekend\main.cpp(75): message : see reference to function template instantiation 'std::shared_ptr<Sphere> std::make_shared<Sphere,glm::vec3,int,glm::vec3&,std::shared_ptr<Lambertian>>(glm::vec3 &&,int &&,glm::vec3 &,std::shared_ptr<Lambertian> &&)' being compiled
C:\Program Files\Microsoft Visual Studio\2022\Community\VC\Tools\MSVC\14.33.31629\include\xutility(238,77): warning C4244: 'argument': conversion from '_Ty' to 'float', possible loss of data
          with
          [
              _Ty=int
          ]
C:\Program Files\Microsoft Visual Studio\2022\Community\VC\Tools\MSVC\14.33.31629\include\xutility(225,85): warning C4244: 'argument': conversion from '_Ty' to 'float', possible loss of data
          with
          [
              _Ty=double
          ]
C:\Program Files\Microsoft Visual Studio\2022\Community\VC\Tools\MSVC\14.33.31629\include\xutility(231): message : see reference to function template instantiation '_Ty *std::construct_at<_Ty,glm::vec<3,float,glm::packed_highp>,double,glm::vec3&,std::shared_ptr<Lambertian>,void>(_Ty *const ,glm::vec<3,float,glm::packed_highp> &&,double &&,glm::vec3 &,std::shared_ptr<Lambertian> &&) noexcept(false)' being compiled
          with
          [
              _Ty=Sphere
          ]
C:\Program Files\Microsoft Visual Studio\2022\Community\VC\Tools\MSVC\14.33.31629\include\memory(2022): message : see reference to function template instantiation 'void std::_Construct_in_place<_Ty,glm::vec<3,float,glm::packed_highp>,double,glm::vec3&,std::shared_ptr<Lambertian>>(_Ty &,glm::vec<3,float,glm::packed_highp> &&,double &&,glm::vec3 &,std::shared_ptr<Lambertian> &&) noexcept(false)' being compiled
          with
          [
              _Ty=Sphere
          ]
C:\Program Files\Microsoft Visual Studio\2022\Community\VC\Tools\MSVC\14.33.31629\include\xutility(225,85): warning C4244: 'argument': conversion from '_Ty' to 'float', possible loss of data
          with
          [
              _Ty=int
          ]
C:\Program Files\Microsoft Visual Studio\2022\Community\VC\Tools\MSVC\14.33.31629\include\xutility(231): message : see reference to function template instantiation '_Ty *std::construct_at<_Ty,glm::vec<3,float,glm::packed_highp>,int,glm::vec3&,std::shared_ptr<Lambertian>,void>(_Ty *const ,glm::vec<3,float,glm::packed_highp> &&,int &&,glm::vec3 &,std::shared_ptr<Lambertian> &&) noexcept(false)' being compiled
          with
          [
              _Ty=Sphere
          ]
C:\Program Files\Microsoft Visual Studio\2022\Community\VC\Tools\MSVC\14.33.31629\include\memory(2022): message : see reference to function template instantiation 'void std::_Construct_in_place<_Ty,glm::vec<3,float,glm::packed_highp>,int,glm::vec3&,std::shared_ptr<Lambertian>>(_Ty &,glm::vec<3,float,glm::packed_highp> &&,int &&,glm::vec3 &,std::shared_ptr<Lambertian> &&) noexcept(false)' being compiled
          with
          [
              _Ty=Sphere
          ]
  Generating code
  3 of 1343 functions ( 0.2%) were compiled, the rest were copied from previous compilation.
    0 functions were new in current compilation
    0 functions had inline decision re-evaluated but remain unchanged
  Finished generating code
  RayTracingInOneWeekend.vcxproj -> C:\Users\26692\source\repos\RayTracingInOneWeekend\x64\Release\RayTracingInOneWeekend.exe
